<?xml version="1.0" encoding="UTF-8"?>
<!-- Generated by org.testng.reporters.JUnitReportReporter -->
<testsuite hostname="MWDH-Work2" failures="0" tests="1" name="ass4W9D2.FirefoxWebDriverAss4W9D2" time="26.068" errors="0" timestamp="2022-08-02T01:42:37 AST" skipped="0">
  <testcase classname="ass4W9D2.FirefoxWebDriverAss4W9D2" name="LearnEnglishWebSite" time="26.068"/>
  <system-out/>
</testsuite> <!-- ass4W9D2.FirefoxWebDriverAss4W9D2 -->
